<?xml version="1.0" encoding="UTF-8"?>
<!-- Generated by org.testng.reporters.JUnitReportReporter -->
<testsuite hostname="Sneha-jijin" failures="0" tests="1" name="com.demowebshop.tests.E2EChekoutTest" time="41.569" errors="0" timestamp="2024-10-08T13:54:26 IST" skipped="0">
  <testcase classname="com.demowebshop.tests.E2EChekoutTest" name="verifyNewUserRegisterAndCheckoutProduct" time="41.569"/>
</testsuite> <!-- com.demowebshop.tests.E2EChekoutTest -->
