<?xml version="1.0" encoding="UTF-8"?>
<!-- Generated by org.testng.reporters.JUnitReportReporter -->
<testsuite hostname="Sneha-jijin" failures="0" tests="1" name="com.demowebshop.tests.DiamondSearchTest" time="10.631" errors="0" timestamp="2024-10-05T14:56:01 IST" skipped="0">
  <testcase classname="com.demowebshop.tests.DiamondSearchTest" name="verifyDiamondTextInSearchResult" time="10.631"/>
</testsuite> <!-- com.demowebshop.tests.DiamondSearchTest -->
