<?xml version="1.0" encoding="UTF-8"?>
<!-- Generated by org.testng.reporters.JUnitReportReporter -->
<testsuite hostname="Sneha-jijin" failures="0" tests="1" name="com.demowebshop.tests.SubScriptionTest" time="8.487" errors="0" timestamp="2024-10-05T15:00:11 IST" skipped="0">
  <testcase classname="com.demowebshop.tests.SubScriptionTest" name="userAbleToSubscribeWithValidMail" time="8.487"/>
</testsuite> <!-- com.demowebshop.tests.SubScriptionTest -->
