<?xml version="1.0" encoding="UTF-8"?>
<!-- Generated by org.testng.reporters.JUnitReportReporter -->
<testsuite hostname="Sneha-jijin" failures="0" tests="1" name="com.demowebshop.tests.registrationTest" time="9.233" errors="0" timestamp="2024-10-05T14:56:00 IST" skipped="0">
  <testcase classname="com.demowebshop.tests.registrationTest" name="verifyUserAbleToRegisterWithValidCredn" time="9.233"/>
</testsuite> <!-- com.demowebshop.tests.registrationTest -->
