<?xml version="1.0" encoding="UTF-8"?>
<!-- Generated by org.testng.reporters.JUnitReportReporter -->
<testsuite hostname="Sneha-jijin" failures="0" tests="1" name="com.demowebshop.tests.EmptySearchCaseTest" time="7.293" errors="0" timestamp="2024-10-05T14:56:00 IST" skipped="0">
  <testcase classname="com.demowebshop.tests.EmptySearchCaseTest" name="verifySearchWithEmptyKeyword" time="7.293"/>
</testsuite> <!-- com.demowebshop.tests.EmptySearchCaseTest -->
